<?xml version="1.0" encoding="UTF-8"?>
<testng-results ignored="0" total="1" passed="1" failed="0" skipped="0">
  <reporter-output>
  </reporter-output>
  <suite started-at="2025-03-15T19:38:24 IST" name="Suite" finished-at="2025-03-15T19:39:00 IST" duration-ms="35842">
    <groups>
    </groups>
    <test started-at="2025-03-15T19:38:24 IST" name="Test" finished-at="2025-03-15T19:39:00 IST" duration-ms="35842">
      <class name="com.itlearn.testcases.PaymentTestCase">
        <test-method is-config="true" signature="setUp()[pri:0, instance:com.itlearn.testcases.PaymentTestCase@23348b5d]" started-at="2025-03-15T19:38:24 IST" name="setUp" finished-at="2025-03-15T19:38:35 IST" duration-ms="10326" status="PASS">
          <reporter-output>
          </reporter-output>
        </test-method> <!-- setUp -->
        <test-method signature="testCourses()[pri:1, instance:com.itlearn.testcases.PaymentTestCase@23348b5d]" started-at="2025-03-15T19:38:35 IST" name="testCourses" finished-at="2025-03-15T19:38:59 IST" duration-ms="24412" status="PASS">
          <reporter-output>
          </reporter-output>
        </test-method> <!-- testCourses -->
        <test-method is-config="true" signature="tearDown()[pri:0, instance:com.itlearn.testcases.PaymentTestCase@23348b5d]" started-at="2025-03-15T19:38:59 IST" name="tearDown" finished-at="2025-03-15T19:39:00 IST" duration-ms="469" status="PASS">
          <reporter-output>
          </reporter-output>
        </test-method> <!-- tearDown -->
      </class> <!-- com.itlearn.testcases.PaymentTestCase -->
    </test> <!-- Test -->
  </suite> <!-- Suite -->
</testng-results>
